2019-11-14 18:26:50.184  INFO 21964 --- [main] com.liandroid.lios.LiosApplication       : Starting LiosApplication on LAPTOP-K97JM9GD with PID 21964 (D:\liosss\target\classes started by 陈耀文 in D:\liosss)
2019-11-14 18:26:50.193  INFO 21964 --- [main] com.liandroid.lios.LiosApplication       : No active profile set, falling back to default profiles: default
2019-11-14 18:26:50.249  INFO 21964 --- [main] ConfigServletWebServerApplicationContext : Refreshing org.springframework.boot.web.servlet.context.AnnotationConfigServletWebServerApplicationContext@78b729e6: startup date [Thu Nov 14 18:26:50 CST 2019]; root of context hierarchy
2019-11-14 18:26:51.595  INFO 21964 --- [main] o.s.b.w.embedded.tomcat.TomcatWebServer  : Tomcat initialized with port(s): 8080 (http)
2019-11-14 18:26:51.621  INFO 21964 --- [main] o.apache.catalina.core.StandardService   : Starting service [Tomcat]
2019-11-14 18:26:51.622  INFO 21964 --- [main] org.apache.catalina.core.StandardEngine  : Starting Servlet Engine: Apache Tomcat/8.5.31
2019-11-14 18:26:51.627  INFO 21964 --- [localhost-startStop-1] o.a.catalina.core.AprLifecycleListener   : The APR based Apache Tomcat Native library which allows optimal performance in production environments was not found on the java.library.path: [D:\program\jdk\bin;C:\WINDOWS\Sun\Java\bin;C:\WINDOWS\system32;C:\WINDOWS;D:\Xshell\Xftp\;C:\WINDOWS\system32;C:\WINDOWS;C:\WINDOWS\System32\Wbem;C:\WINDOWS\System32\WindowsPowerShell\v1.0\;C:\WINDOWS\System32\OpenSSH\;C:\Program Files\Intel\WiFi\bin\;C:\Program Files\Common Files\Intel\WirelessCommon\;D:\matlab\runtime\win64;D:\matlab\bin;D:\matlab\polyspace\bin;C:\Program Files\Microsoft\Web Platform Installer\;C:\Program Files (x86)\Microsoft ASP.NET\ASP.NET Web Pages\v1.0\;C:\Program Files (x86)\Windows Kits\8.0\Windows Performance Toolkit\;C:\Program Files\Microsoft SQL Server\110\Tools\Binn\;C:\Users\陈耀文\AppData\Local\Programs\Python\Python37;D:;nodejs\;D:\git\Git\cmd;D:\Anconda;D:\Anconda\Library\mingw-w64\bin;D:\Anconda\Library\usr\bin;D:\Anconda\Library\bin;D:\Anconda\Scripts;C:\Users\陈耀文\AppData\Local\Microsoft\WindowsApps;D:\Bzip\;D:\IDEA\IntelliJ IDEA 2018.3.2\bin;;D:\python\pcharm\PyCharm Community Edition 2019.1\bin;;D:\TexLive\tex\texlive\2019\bin\win32;C:\Users\陈耀文\AppData\Roaming\npm;.]
2019-11-14 18:26:51.745  INFO 21964 --- [localhost-startStop-1] o.a.c.c.C.[Tomcat].[localhost].[/]       : Initializing Spring embedded WebApplicationContext
2019-11-14 18:26:51.746  INFO 21964 --- [localhost-startStop-1] o.s.web.context.ContextLoader            : Root WebApplicationContext: initialization completed in 1497 ms
2019-11-14 18:26:51.919  INFO 21964 --- [localhost-startStop-1] o.s.b.w.servlet.ServletRegistrationBean  : Servlet dispatcherServlet mapped to [/]
2019-11-14 18:26:51.926  INFO 21964 --- [localhost-startStop-1] o.s.b.w.servlet.FilterRegistrationBean   : Mapping filter: 'characterEncodingFilter' to: [/*]
2019-11-14 18:26:51.927  INFO 21964 --- [localhost-startStop-1] o.s.b.w.servlet.FilterRegistrationBean   : Mapping filter: 'hiddenHttpMethodFilter' to: [/*]
2019-11-14 18:26:51.927  INFO 21964 --- [localhost-startStop-1] o.s.b.w.servlet.FilterRegistrationBean   : Mapping filter: 'httpPutFormContentFilter' to: [/*]
2019-11-14 18:26:51.927  INFO 21964 --- [localhost-startStop-1] o.s.b.w.servlet.FilterRegistrationBean   : Mapping filter: 'requestContextFilter' to: [/*]
2019-11-14 18:26:52.060  INFO 21964 --- [main] o.s.w.s.handler.SimpleUrlHandlerMapping  : Mapped URL path [/**/favicon.ico] onto handler of type [class org.springframework.web.servlet.resource.ResourceHttpRequestHandler]
2019-11-14 18:26:52.338  INFO 21964 --- [main] s.w.s.m.m.a.RequestMappingHandlerAdapter : Looking for @ControllerAdvice: org.springframework.boot.web.servlet.context.AnnotationConfigServletWebServerApplicationContext@78b729e6: startup date [Thu Nov 14 18:26:50 CST 2019]; root of context hierarchy
2019-11-14 18:26:52.395  INFO 21964 --- [main] s.w.s.m.m.a.RequestMappingHandlerMapping : Mapped "{[/test]}" onto public java.lang.String com.liandroid.lios.Controller.TestController.test(javax.servlet.http.HttpServletRequest)
2019-11-14 18:26:52.396  INFO 21964 --- [main] s.w.s.m.m.a.RequestMappingHandlerMapping : Mapped "{[/loginorregister]}" onto public java.lang.String com.liandroid.lios.Controller.TestController.processloginorregister(java.lang.String,java.lang.String)
2019-11-14 18:26:52.397  INFO 21964 --- [main] s.w.s.m.m.a.RequestMappingHandlerMapping : Mapped "{[/GradeBeautyFromBase64]}" onto public java.lang.String com.liandroid.lios.Controller.TestController.handleFileUploadBytes(java.lang.String)
2019-11-14 18:26:52.397  INFO 21964 --- [main] s.w.s.m.m.a.RequestMappingHandlerMapping : Mapped "{[/FindSevFace]}" onto public java.lang.String com.liandroid.lios.Controller.TestController.findSevuser(java.lang.String)
2019-11-14 18:26:52.397  INFO 21964 --- [main] s.w.s.m.m.a.RequestMappingHandlerMapping : Mapped "{[/FindSimilarFace]}" onto public java.lang.String com.liandroid.lios.Controller.TestController.finduser(java.lang.String)
2019-11-14 18:26:52.398  INFO 21964 --- [main] s.w.s.m.m.a.RequestMappingHandlerMapping : Mapped "{[/uploadUserPic]}" onto public java.lang.String com.liandroid.lios.Controller.TestController.handleUplUserPic(javax.servlet.http.HttpServletRequest)
2019-11-14 18:26:52.398  INFO 21964 --- [main] s.w.s.m.m.a.RequestMappingHandlerMapping : Mapped "{[/GradeBeauty]}" onto public java.lang.String com.liandroid.lios.Controller.TestController.handleFileUpload(javax.servlet.http.HttpServletRequest)
2019-11-14 18:26:52.403  INFO 21964 --- [main] s.w.s.m.m.a.RequestMappingHandlerMapping : Mapped "{[/error]}" onto public org.springframework.http.ResponseEntity<java.util.Map<java.lang.String, java.lang.Object>> org.springframework.boot.autoconfigure.web.servlet.error.BasicErrorController.error(javax.servlet.http.HttpServletRequest)
2019-11-14 18:26:52.404  INFO 21964 --- [main] s.w.s.m.m.a.RequestMappingHandlerMapping : Mapped "{[/error],produces=[text/html]}" onto public org.springframework.web.servlet.ModelAndView org.springframework.boot.autoconfigure.web.servlet.error.BasicErrorController.errorHtml(javax.servlet.http.HttpServletRequest,javax.servlet.http.HttpServletResponse)
2019-11-14 18:26:52.434  INFO 21964 --- [main] o.s.w.s.handler.SimpleUrlHandlerMapping  : Mapped URL path [/webjars/**] onto handler of type [class org.springframework.web.servlet.resource.ResourceHttpRequestHandler]
2019-11-14 18:26:52.434  INFO 21964 --- [main] o.s.w.s.handler.SimpleUrlHandlerMapping  : Mapped URL path [/**] onto handler of type [class org.springframework.web.servlet.resource.ResourceHttpRequestHandler]
2019-11-14 18:26:52.598  INFO 21964 --- [main] o.s.j.e.a.AnnotationMBeanExporter        : Registering beans for JMX exposure on startup
2019-11-14 18:26:52.653  INFO 21964 --- [main] o.s.b.w.embedded.tomcat.TomcatWebServer  : Tomcat started on port(s): 8080 (http) with context path ''
2019-11-14 18:26:52.659  INFO 21964 --- [main] com.liandroid.lios.LiosApplication       : Started LiosApplication in 2.964 seconds (JVM running for 4.613)
2019-11-14 18:28:52.739  INFO 21964 --- [http-nio-8080-exec-1] o.a.c.c.C.[Tomcat].[localhost].[/]       : Initializing Spring FrameworkServlet 'dispatcherServlet'
2019-11-14 18:28:52.740  INFO 21964 --- [http-nio-8080-exec-1] o.s.web.servlet.DispatcherServlet        : FrameworkServlet 'dispatcherServlet': initialization started
2019-11-14 18:28:52.772  INFO 21964 --- [http-nio-8080-exec-1] o.s.web.servlet.DispatcherServlet        : FrameworkServlet 'dispatcherServlet': initialization completed in 32 ms
2019-11-14 18:28:52.911  INFO 21964 --- [http-nio-8080-exec-1] com.liandroid.lios.helper.Base64Helper   : java.io.BufferedOutputStream@528ea87b
2019-11-14 18:28:52.911  INFO 21964 --- [http-nio-8080-exec-1] com.liandroid.lios.helper.Base64Helper   : D:\liosss\IMG_20191031_224329.jpg
2019-11-14 18:28:52.912  INFO 21964 --- [http-nio-8080-exec-1] com.liandroid.lios.helper.Base64Helper   : D:\liosss\IMG_20191031_224329.jpg
2019-11-14 18:28:53.570  INFO 21964 --- [http-nio-8080-exec-1] com.baidu.aip.client.BaseClient          : get access_token success. current state: STATE_AIP_AUTH_OK
2019-11-14 18:29:23.569  INFO 21964 --- [http-nio-8080-exec-3] com.liandroid.lios.helper.Base64Helper   : java.io.BufferedOutputStream@37f2f26d
2019-11-14 18:29:23.569  INFO 21964 --- [http-nio-8080-exec-3] com.liandroid.lios.helper.Base64Helper   : D:\liosss\IMG_20191031_224555.jpg
2019-11-14 18:29:23.569  INFO 21964 --- [http-nio-8080-exec-3] com.liandroid.lios.helper.Base64Helper   : D:\liosss\IMG_20191031_224555.jpg
2019-11-14 18:29:44.308  INFO 21964 --- [http-nio-8080-exec-4] com.liandroid.lios.helper.Base64Helper   : java.io.BufferedOutputStream@4c570a68
2019-11-14 18:29:44.309  INFO 21964 --- [http-nio-8080-exec-4] com.liandroid.lios.helper.Base64Helper   : D:\liosss\333.jpg
2019-11-14 18:29:44.310  INFO 21964 --- [http-nio-8080-exec-4] com.liandroid.lios.helper.Base64Helper   : D:\liosss\333.jpg
2019-11-14 18:29:53.874  INFO 21964 --- [http-nio-8080-exec-5] com.liandroid.lios.helper.Base64Helper   : java.io.BufferedOutputStream@66e234c8
2019-11-14 18:29:53.874  INFO 21964 --- [http-nio-8080-exec-5] com.liandroid.lios.helper.Base64Helper   : D:\liosss\111.jpg
2019-11-14 18:29:53.875  INFO 21964 --- [http-nio-8080-exec-5] com.liandroid.lios.helper.Base64Helper   : D:\liosss\111.jpg
2019-11-14 18:50:36.584  INFO 17340 --- [main] com.liandroid.lios.LiosApplication       : Starting LiosApplication on LAPTOP-K97JM9GD with PID 17340 (D:\liosss\target\classes started by 陈耀文 in D:\liosss)
2019-11-14 18:50:36.588  INFO 17340 --- [main] com.liandroid.lios.LiosApplication       : No active profile set, falling back to default profiles: default
2019-11-14 18:50:36.646  INFO 17340 --- [main] ConfigServletWebServerApplicationContext : Refreshing org.springframework.boot.web.servlet.context.AnnotationConfigServletWebServerApplicationContext@27c86f2d: startup date [Thu Nov 14 18:50:36 CST 2019]; root of context hierarchy
2019-11-14 18:50:37.813  INFO 17340 --- [main] o.s.b.w.embedded.tomcat.TomcatWebServer  : Tomcat initialized with port(s): 8080 (http)
2019-11-14 18:50:37.860  INFO 17340 --- [main] o.apache.catalina.core.StandardService   : Starting service [Tomcat]
2019-11-14 18:50:37.860  INFO 17340 --- [main] org.apache.catalina.core.StandardEngine  : Starting Servlet Engine: Apache Tomcat/8.5.31
2019-11-14 18:50:37.868  INFO 17340 --- [localhost-startStop-1] o.a.catalina.core.AprLifecycleListener   : The APR based Apache Tomcat Native library which allows optimal performance in production environments was not found on the java.library.path: [D:\program\jdk\bin;C:\WINDOWS\Sun\Java\bin;C:\WINDOWS\system32;C:\WINDOWS;D:\Xshell\Xftp\;C:\WINDOWS\system32;C:\WINDOWS;C:\WINDOWS\System32\Wbem;C:\WINDOWS\System32\WindowsPowerShell\v1.0\;C:\WINDOWS\System32\OpenSSH\;C:\Program Files\Intel\WiFi\bin\;C:\Program Files\Common Files\Intel\WirelessCommon\;D:\matlab\runtime\win64;D:\matlab\bin;D:\matlab\polyspace\bin;C:\Program Files\Microsoft\Web Platform Installer\;C:\Program Files (x86)\Microsoft ASP.NET\ASP.NET Web Pages\v1.0\;C:\Program Files (x86)\Windows Kits\8.0\Windows Performance Toolkit\;C:\Program Files\Microsoft SQL Server\110\Tools\Binn\;C:\Users\陈耀文\AppData\Local\Programs\Python\Python37;D:;nodejs\;D:\git\Git\cmd;D:\Anconda;D:\Anconda\Library\mingw-w64\bin;D:\Anconda\Library\usr\bin;D:\Anconda\Library\bin;D:\Anconda\Scripts;C:\Users\陈耀文\AppData\Local\Microsoft\WindowsApps;D:\Bzip\;D:\IDEA\IntelliJ IDEA 2018.3.2\bin;;D:\python\pcharm\PyCharm Community Edition 2019.1\bin;;D:\TexLive\tex\texlive\2019\bin\win32;C:\Users\陈耀文\AppData\Roaming\npm;.]
2019-11-14 18:50:37.996  INFO 17340 --- [localhost-startStop-1] o.a.c.c.C.[Tomcat].[localhost].[/]       : Initializing Spring embedded WebApplicationContext
2019-11-14 18:50:37.996  INFO 17340 --- [localhost-startStop-1] o.s.web.context.ContextLoader            : Root WebApplicationContext: initialization completed in 1350 ms
2019-11-14 18:50:38.150  INFO 17340 --- [localhost-startStop-1] o.s.b.w.servlet.ServletRegistrationBean  : Servlet dispatcherServlet mapped to [/]
2019-11-14 18:50:38.154  INFO 17340 --- [localhost-startStop-1] o.s.b.w.servlet.FilterRegistrationBean   : Mapping filter: 'characterEncodingFilter' to: [/*]
2019-11-14 18:50:38.155  INFO 17340 --- [localhost-startStop-1] o.s.b.w.servlet.FilterRegistrationBean   : Mapping filter: 'hiddenHttpMethodFilter' to: [/*]
2019-11-14 18:50:38.155  INFO 17340 --- [localhost-startStop-1] o.s.b.w.servlet.FilterRegistrationBean   : Mapping filter: 'httpPutFormContentFilter' to: [/*]
2019-11-14 18:50:38.155  INFO 17340 --- [localhost-startStop-1] o.s.b.w.servlet.FilterRegistrationBean   : Mapping filter: 'requestContextFilter' to: [/*]
2019-11-14 18:50:38.278  INFO 17340 --- [main] o.s.w.s.handler.SimpleUrlHandlerMapping  : Mapped URL path [/**/favicon.ico] onto handler of type [class org.springframework.web.servlet.resource.ResourceHttpRequestHandler]
2019-11-14 18:50:38.486  INFO 17340 --- [main] s.w.s.m.m.a.RequestMappingHandlerAdapter : Looking for @ControllerAdvice: org.springframework.boot.web.servlet.context.AnnotationConfigServletWebServerApplicationContext@27c86f2d: startup date [Thu Nov 14 18:50:36 CST 2019]; root of context hierarchy
2019-11-14 18:50:38.541  INFO 17340 --- [main] s.w.s.m.m.a.RequestMappingHandlerMapping : Mapped "{[/test]}" onto public java.lang.String com.liandroid.lios.Controller.TestController.test(javax.servlet.http.HttpServletRequest)
2019-11-14 18:50:38.542  INFO 17340 --- [main] s.w.s.m.m.a.RequestMappingHandlerMapping : Mapped "{[/uploadUserPic]}" onto public java.lang.String com.liandroid.lios.Controller.TestController.handleUplUserPic(javax.servlet.http.HttpServletRequest)
2019-11-14 18:50:38.542  INFO 17340 --- [main] s.w.s.m.m.a.RequestMappingHandlerMapping : Mapped "{[/FindSimilarFace]}" onto public java.lang.String com.liandroid.lios.Controller.TestController.finduser(java.lang.String)
2019-11-14 18:50:38.542  INFO 17340 --- [main] s.w.s.m.m.a.RequestMappingHandlerMapping : Mapped "{[/FindSevFace]}" onto public java.lang.String com.liandroid.lios.Controller.TestController.findSevuser(java.lang.String)
2019-11-14 18:50:38.542  INFO 17340 --- [main] s.w.s.m.m.a.RequestMappingHandlerMapping : Mapped "{[/GradeBeauty]}" onto public java.lang.String com.liandroid.lios.Controller.TestController.handleFileUpload(javax.servlet.http.HttpServletRequest)
2019-11-14 18:50:38.543  INFO 17340 --- [main] s.w.s.m.m.a.RequestMappingHandlerMapping : Mapped "{[/GradeBeautyFromBase64]}" onto public java.lang.String com.liandroid.lios.Controller.TestController.handleFileUploadBytes(java.lang.String)
2019-11-14 18:50:38.543  INFO 17340 --- [main] s.w.s.m.m.a.RequestMappingHandlerMapping : Mapped "{[/loginorregister]}" onto public java.lang.String com.liandroid.lios.Controller.TestController.processloginorregister(java.lang.String,java.lang.String)
2019-11-14 18:50:38.547  INFO 17340 --- [main] s.w.s.m.m.a.RequestMappingHandlerMapping : Mapped "{[/error]}" onto public org.springframework.http.ResponseEntity<java.util.Map<java.lang.String, java.lang.Object>> org.springframework.boot.autoconfigure.web.servlet.error.BasicErrorController.error(javax.servlet.http.HttpServletRequest)
2019-11-14 18:50:38.547  INFO 17340 --- [main] s.w.s.m.m.a.RequestMappingHandlerMapping : Mapped "{[/error],produces=[text/html]}" onto public org.springframework.web.servlet.ModelAndView org.springframework.boot.autoconfigure.web.servlet.error.BasicErrorController.errorHtml(javax.servlet.http.HttpServletRequest,javax.servlet.http.HttpServletResponse)
2019-11-14 18:50:38.568  INFO 17340 --- [main] o.s.w.s.handler.SimpleUrlHandlerMapping  : Mapped URL path [/webjars/**] onto handler of type [class org.springframework.web.servlet.resource.ResourceHttpRequestHandler]
2019-11-14 18:50:38.568  INFO 17340 --- [main] o.s.w.s.handler.SimpleUrlHandlerMapping  : Mapped URL path [/**] onto handler of type [class org.springframework.web.servlet.resource.ResourceHttpRequestHandler]
2019-11-14 18:50:38.737  INFO 17340 --- [main] o.s.j.e.a.AnnotationMBeanExporter        : Registering beans for JMX exposure on startup
2019-11-14 18:50:38.787  INFO 17340 --- [main] o.s.b.w.embedded.tomcat.TomcatWebServer  : Tomcat started on port(s): 8080 (http) with context path ''
2019-11-14 18:50:38.788  INFO 17340 --- [main] com.liandroid.lios.LiosApplication       : Started LiosApplication in 2.689 seconds (JVM running for 4.145)
2019-11-14 18:53:07.062  INFO 17340 --- [http-nio-8080-exec-1] o.a.c.c.C.[Tomcat].[localhost].[/]       : Initializing Spring FrameworkServlet 'dispatcherServlet'
2019-11-14 18:53:07.062  INFO 17340 --- [http-nio-8080-exec-1] o.s.web.servlet.DispatcherServlet        : FrameworkServlet 'dispatcherServlet': initialization started
2019-11-14 18:53:07.090  INFO 17340 --- [http-nio-8080-exec-1] o.s.web.servlet.DispatcherServlet        : FrameworkServlet 'dispatcherServlet': initialization completed in 27 ms
2019-11-14 18:53:07.165  WARN 17340 --- [http-nio-8080-exec-1] .w.s.m.s.DefaultHandlerExceptionResolver : Failed to convert request element: org.springframework.web.method.annotation.MethodArgumentConversionNotSupportedException: Failed to convert value of type 'org.springframework.web.multipart.support.StandardMultipartHttpServletRequest$StandardMultipartFile' to required type 'java.lang.String'; nested exception is java.lang.IllegalStateException: Cannot convert value of type 'org.springframework.web.multipart.support.StandardMultipartHttpServletRequest$StandardMultipartFile' to required type 'java.lang.String': no matching editors or conversion strategy found
2019-11-14 19:00:02.325  INFO 21900 --- [main] com.liandroid.lios.LiosApplication       : Starting LiosApplication on LAPTOP-K97JM9GD with PID 21900 (D:\liosss\target\classes started by 陈耀文 in D:\liosss)
2019-11-14 19:00:02.329  INFO 21900 --- [main] com.liandroid.lios.LiosApplication       : No active profile set, falling back to default profiles: default
2019-11-14 19:00:02.422  INFO 21900 --- [main] ConfigServletWebServerApplicationContext : Refreshing org.springframework.boot.web.servlet.context.AnnotationConfigServletWebServerApplicationContext@1a04f701: startup date [Thu Nov 14 19:00:02 CST 2019]; root of context hierarchy
2019-11-14 19:00:03.768  INFO 21900 --- [main] o.s.b.w.embedded.tomcat.TomcatWebServer  : Tomcat initialized with port(s): 8080 (http)
2019-11-14 19:00:03.800  INFO 21900 --- [main] o.apache.catalina.core.StandardService   : Starting service [Tomcat]
2019-11-14 19:00:03.801  INFO 21900 --- [main] org.apache.catalina.core.StandardEngine  : Starting Servlet Engine: Apache Tomcat/8.5.31
2019-11-14 19:00:03.807  INFO 21900 --- [localhost-startStop-1] o.a.catalina.core.AprLifecycleListener   : The APR based Apache Tomcat Native library which allows optimal performance in production environments was not found on the java.library.path: [D:\program\jdk\bin;C:\WINDOWS\Sun\Java\bin;C:\WINDOWS\system32;C:\WINDOWS;D:\Xshell\Xftp\;C:\WINDOWS\system32;C:\WINDOWS;C:\WINDOWS\System32\Wbem;C:\WINDOWS\System32\WindowsPowerShell\v1.0\;C:\WINDOWS\System32\OpenSSH\;C:\Program Files\Intel\WiFi\bin\;C:\Program Files\Common Files\Intel\WirelessCommon\;D:\matlab\runtime\win64;D:\matlab\bin;D:\matlab\polyspace\bin;C:\Program Files\Microsoft\Web Platform Installer\;C:\Program Files (x86)\Microsoft ASP.NET\ASP.NET Web Pages\v1.0\;C:\Program Files (x86)\Windows Kits\8.0\Windows Performance Toolkit\;C:\Program Files\Microsoft SQL Server\110\Tools\Binn\;C:\Users\陈耀文\AppData\Local\Programs\Python\Python37;D:;nodejs\;D:\git\Git\cmd;D:\Anconda;D:\Anconda\Library\mingw-w64\bin;D:\Anconda\Library\usr\bin;D:\Anconda\Library\bin;D:\Anconda\Scripts;C:\Users\陈耀文\AppData\Local\Microsoft\WindowsApps;D:\Bzip\;D:\IDEA\IntelliJ IDEA 2018.3.2\bin;;D:\python\pcharm\PyCharm Community Edition 2019.1\bin;;D:\TexLive\tex\texlive\2019\bin\win32;C:\Users\陈耀文\AppData\Roaming\npm;.]
2019-11-14 19:00:03.931  INFO 21900 --- [localhost-startStop-1] o.a.c.c.C.[Tomcat].[localhost].[/]       : Initializing Spring embedded WebApplicationContext
2019-11-14 19:00:03.932  INFO 21900 --- [localhost-startStop-1] o.s.web.context.ContextLoader            : Root WebApplicationContext: initialization completed in 1510 ms
2019-11-14 19:00:04.139  INFO 21900 --- [localhost-startStop-1] o.s.b.w.servlet.ServletRegistrationBean  : Servlet dispatcherServlet mapped to [/]
2019-11-14 19:00:04.145  INFO 21900 --- [localhost-startStop-1] o.s.b.w.servlet.FilterRegistrationBean   : Mapping filter: 'characterEncodingFilter' to: [/*]
2019-11-14 19:00:04.145  INFO 21900 --- [localhost-startStop-1] o.s.b.w.servlet.FilterRegistrationBean   : Mapping filter: 'hiddenHttpMethodFilter' to: [/*]
2019-11-14 19:00:04.146  INFO 21900 --- [localhost-startStop-1] o.s.b.w.servlet.FilterRegistrationBean   : Mapping filter: 'httpPutFormContentFilter' to: [/*]
2019-11-14 19:00:04.146  INFO 21900 --- [localhost-startStop-1] o.s.b.w.servlet.FilterRegistrationBean   : Mapping filter: 'requestContextFilter' to: [/*]
2019-11-14 19:00:04.349  INFO 21900 --- [main] o.s.w.s.handler.SimpleUrlHandlerMapping  : Mapped URL path [/**/favicon.ico] onto handler of type [class org.springframework.web.servlet.resource.ResourceHttpRequestHandler]
2019-11-14 19:00:04.773  INFO 21900 --- [main] s.w.s.m.m.a.RequestMappingHandlerAdapter : Looking for @ControllerAdvice: org.springframework.boot.web.servlet.context.AnnotationConfigServletWebServerApplicationContext@1a04f701: startup date [Thu Nov 14 19:00:02 CST 2019]; root of context hierarchy
2019-11-14 19:00:05.021  INFO 21900 --- [main] s.w.s.m.m.a.RequestMappingHandlerMapping : Mapped "{[/test]}" onto public java.lang.String com.liandroid.lios.Controller.TestController.test(javax.servlet.http.HttpServletRequest)
2019-11-14 19:00:05.031  INFO 21900 --- [main] s.w.s.m.m.a.RequestMappingHandlerMapping : Mapped "{[/GradeBeauty]}" onto public java.lang.String com.liandroid.lios.Controller.TestController.handleFileUpload(javax.servlet.http.HttpServletRequest)
2019-11-14 19:00:05.034  INFO 21900 --- [main] s.w.s.m.m.a.RequestMappingHandlerMapping : Mapped "{[/FindSimilarFace]}" onto public java.lang.String com.liandroid.lios.Controller.TestController.finduser(java.lang.String)
2019-11-14 19:00:05.035  INFO 21900 --- [main] s.w.s.m.m.a.RequestMappingHandlerMapping : Mapped "{[/FindSevFace]}" onto public java.lang.String com.liandroid.lios.Controller.TestController.findSevuser(java.lang.String)
2019-11-14 19:00:05.036  INFO 21900 --- [main] s.w.s.m.m.a.RequestMappingHandlerMapping : Mapped "{[/uploadUserPic]}" onto public java.lang.String com.liandroid.lios.Controller.TestController.handleUplUserPic(javax.servlet.http.HttpServletRequest)
2019-11-14 19:00:05.037  INFO 21900 --- [main] s.w.s.m.m.a.RequestMappingHandlerMapping : Mapped "{[/GradeBeautyFromBase64]}" onto public java.lang.String com.liandroid.lios.Controller.TestController.handleFileUploadBytes(java.lang.String)
2019-11-14 19:00:05.038  INFO 21900 --- [main] s.w.s.m.m.a.RequestMappingHandlerMapping : Mapped "{[/loginorregister]}" onto public java.lang.String com.liandroid.lios.Controller.TestController.processloginorregister(java.lang.String,java.lang.String)
2019-11-14 19:00:05.047  INFO 21900 --- [main] s.w.s.m.m.a.RequestMappingHandlerMapping : Mapped "{[/error]}" onto public org.springframework.http.ResponseEntity<java.util.Map<java.lang.String, java.lang.Object>> org.springframework.boot.autoconfigure.web.servlet.error.BasicErrorController.error(javax.servlet.http.HttpServletRequest)
2019-11-14 19:00:05.050  INFO 21900 --- [main] s.w.s.m.m.a.RequestMappingHandlerMapping : Mapped "{[/error],produces=[text/html]}" onto public org.springframework.web.servlet.ModelAndView org.springframework.boot.autoconfigure.web.servlet.error.BasicErrorController.errorHtml(javax.servlet.http.HttpServletRequest,javax.servlet.http.HttpServletResponse)
2019-11-14 19:00:05.104  INFO 21900 --- [main] o.s.w.s.handler.SimpleUrlHandlerMapping  : Mapped URL path [/webjars/**] onto handler of type [class org.springframework.web.servlet.resource.ResourceHttpRequestHandler]
2019-11-14 19:00:05.105  INFO 21900 --- [main] o.s.w.s.handler.SimpleUrlHandlerMapping  : Mapped URL path [/**] onto handler of type [class org.springframework.web.servlet.resource.ResourceHttpRequestHandler]
2019-11-14 19:00:05.368  INFO 21900 --- [main] o.s.j.e.a.AnnotationMBeanExporter        : Registering beans for JMX exposure on startup
2019-11-14 19:00:05.430  INFO 21900 --- [main] o.s.b.w.embedded.tomcat.TomcatWebServer  : Tomcat started on port(s): 8080 (http) with context path ''
2019-11-14 19:00:05.436  INFO 21900 --- [main] com.liandroid.lios.LiosApplication       : Started LiosApplication in 3.627 seconds (JVM running for 5.745)
